<?xml version="1.0" encoding="UTF-8"?>
<testsuite xmlns:xsi="http://www.w3.org/2001/XMLSchema-instance" xsi:noNamespaceSchemaLocation="https://maven.apache.org/surefire/maven-surefire-plugin/xsd/surefire-test-report-3.0.xsd" version="3.0" name="com.hrms.runners.SmokeRunner" time="168.29" tests="12" errors="1" skipped="0" failures="0">
  <properties>
[...]
</properties>
  <testcase name="Add new employee first name and last name" classname="Add New Employee" time="19.087"/>
  <testcase name="Adding new employee without employee ID" classname="Add New Employee" time="17.892"/>
  <testcase name="Add new Employee with Login Credentials" classname="Add New Employee" time="25.546">
    <error message="no such element: Unable to locate element: {&quot;method&quot;:&quot;xpath&quot;,&quot;selector&quot;:&quot;//div[@id=&apos;profile-pic&apos;]/h1&quot;}&#10;  (Session info: chrome=83.0.4103.97)&#10;For documentation on this error, please visit: https://www.seleniumhq.org/exceptions/no_such_element.html&#10;Build info: version: &apos;3.141.59&apos;, revision: &apos;e82be7d358&apos;, time: &apos;2018-11-14T08:17:03&apos;&#10;System info: host: &apos;Sarmeds-MacBook-Air.local&apos;, ip: &apos;2601:14c:8300:c130:0:0:0:c820%en0&apos;, os.name: &apos;Mac OS X&apos;, os.arch: &apos;x86_64&apos;, os.version: &apos;10.14.6&apos;, java.version: &apos;1.8.0_241&apos;&#10;Driver info: org.openqa.selenium.chrome.ChromeDriver&#10;Capabilities {acceptInsecureCerts: false, browserName: chrome, browserVersion: 83.0.4103.97, chrome: {chromedriverVersion: 83.0.4103.39 (ccbf011cb2d2b..., userDataDir: /var/folders/3b/1j206rls1ps...}, goog:chromeOptions: {debuggerAddress: localhost:52847}, javascriptEnabled: true, networkConnectionEnabled: false, pageLoadStrategy: normal, platform: MAC, platformName: MAC, proxy: Proxy(), setWindowRect: true, strictFileInteractability: false, timeouts: {implicit: 0, pageLoad: 300000, script: 30000}, unhandledPromptBehavior: dismiss and notify, webauthn:virtualAuthenticators: true}&#10;Session ID: e059694000baad443cc25b80029693ca&#10;*** Element info: {Using=xpath, value=//div[@id=&apos;profile-pic&apos;]/h1}" type="org.openqa.selenium.NoSuchElementException"><![CDATA[org.openqa.selenium.NoSuchElementException: 
no such element: Unable to locate element: {"method":"xpath","selector":"//div[@id='profile-pic']/h1"}
  (Session info: chrome=83.0.4103.97)
For documentation on this error, please visit: https://www.seleniumhq.org/exceptions/no_such_element.html
Build info: version: '3.141.59', revision: 'e82be7d358', time: '2018-11-14T08:17:03'
System info: host: 'Sarmeds-MacBook-Air.local', ip: '2601:14c:8300:c130:0:0:0:c820%en0', os.name: 'Mac OS X', os.arch: 'x86_64', os.version: '10.14.6', java.version: '1.8.0_241'
Driver info: org.openqa.selenium.chrome.ChromeDriver
Capabilities {acceptInsecureCerts: false, browserName: chrome, browserVersion: 83.0.4103.97, chrome: {chromedriverVersion: 83.0.4103.39 (ccbf011cb2d2b..., userDataDir: /var/folders/3b/1j206rls1ps...}, goog:chromeOptions: {debuggerAddress: localhost:52847}, javascriptEnabled: true, networkConnectionEnabled: false, pageLoadStrategy: normal, platform: MAC, platformName: MAC, proxy: Proxy(), setWindowRect: true, strictFileInteractability: false, timeouts: {implicit: 0, pageLoad: 300000, script: 30000}, unhandledPromptBehavior: dismiss and notify, webauthn:virtualAuthenticators: true}
Session ID: e059694000baad443cc25b80029693ca
*** Element info: {Using=xpath, value=//div[@id='profile-pic']/h1}
]]></error>
    <system-out><![CDATA[
@smoke
Scenario: Add new Employee with Login Credentials                            # src/test/resources/features/AddNewEmployee.feature:22
  Given I login successfully to the HRMS applicaiton.                        # com.hrms.steps.AddNewEmployee.i_login_successfully_to_the_HRMS_applicaiton()
  And navigate to the employee page and click on PIM                         # com.hrms.steps.AddNewEmployee.navigate_to_the_employee_page_and_click_on_PIM()
  When click on Add employee                                                 # com.hrms.steps.AddNewEmployee.click_on_Add_employee()
  And enter employee first name and last name                                # com.hrms.steps.AddNewEmployee.enter_employee_first_name_and_last_name()
  And click on login credential button                                       # com.hrms.steps.AddNewEmployee.click_on_login_credential_button()
  And enter username and password                                            # com.hrms.steps.AddNewEmployee.enter_username_and_password()
  And confirm password                                                       # com.hrms.steps.AddNewEmployee.confirm_password()
  And click on save button                                                   # com.hrms.steps.AddNewEmployee.click_on_save_button()
  Then new employee with login credentials should be displayed successfullly # com.hrms.steps.AddNewEmployee.new_employee_with_login_credentials_should_be_displayed_successfullly()
      org.openqa.selenium.NoSuchElementException: no such element: Unable to locate element: {"method":"xpath","selector":"//div[@id='profile-pic']/h1"}
  (Session info: chrome=83.0.4103.97)
For documentation on this error, please visit: https://www.seleniumhq.org/exceptions/no_such_element.html
Build info: version: '3.141.59', revision: 'e82be7d358', time: '2018-11-14T08:17:03'
System info: host: 'Sarmeds-MacBook-Air.local', ip: '2601:14c:8300:c130:0:0:0:c820%en0', os.name: 'Mac OS X', os.arch: 'x86_64', os.version: '10.14.6', java.version: '1.8.0_241'
Driver info: org.openqa.selenium.chrome.ChromeDriver
Capabilities {acceptInsecureCerts: false, browserName: chrome, browserVersion: 83.0.4103.97, chrome: {chromedriverVersion: 83.0.4103.39 (ccbf011cb2d2b..., userDataDir: /var/folders/3b/1j206rls1ps...}, goog:chromeOptions: {debuggerAddress: localhost:52847}, javascriptEnabled: true, networkConnectionEnabled: false, pageLoadStrategy: normal, platform: MAC, platformName: MAC, proxy: Proxy(), setWindowRect: true, strictFileInteractability: false, timeouts: {implicit: 0, pageLoad: 300000, script: 30000}, unhandledPromptBehavior: dismiss and notify, webauthn:virtualAuthenticators: true}
Session ID: e059694000baad443cc25b80029693ca
*** Element info: {Using=xpath, value=//div[@id='profile-pic']/h1}
	at sun.reflect.NativeConstructorAccessorImpl.newInstance0(Native Method)
	at sun.reflect.NativeConstructorAccessorImpl.newInstance(NativeConstructorAccessorImpl.java:62)
	at sun.reflect.DelegatingConstructorAccessorImpl.newInstance(DelegatingConstructorAccessorImpl.java:45)
	at java.lang.reflect.Constructor.newInstance(Constructor.java:423)
	at org.openqa.selenium.remote.http.W3CHttpResponseCodec.createException(W3CHttpResponseCodec.java:187)
	at org.openqa.selenium.remote.http.W3CHttpResponseCodec.decode(W3CHttpResponseCodec.java:122)
	at org.openqa.selenium.remote.http.W3CHttpResponseCodec.decode(W3CHttpResponseCodec.java:49)
	at org.openqa.selenium.remote.HttpCommandExecutor.execute(HttpCommandExecutor.java:158)
	at org.openqa.selenium.remote.service.DriverCommandExecutor.execute(DriverCommandExecutor.java:83)
	at org.openqa.selenium.remote.RemoteWebDriver.execute(RemoteWebDriver.java:552)
	at org.openqa.selenium.remote.RemoteWebDriver.findElement(RemoteWebDriver.java:323)
	at org.openqa.selenium.remote.RemoteWebDriver.findElementByXPath(RemoteWebDriver.java:428)
	at org.openqa.selenium.By$ByXPath.findElement(By.java:353)
	at org.openqa.selenium.remote.RemoteWebDriver.findElement(RemoteWebDriver.java:315)
	at org.openqa.selenium.support.pagefactory.DefaultElementLocator.findElement(DefaultElementLocator.java:69)
	at org.openqa.selenium.support.pagefactory.internal.LocatingElementHandler.invoke(LocatingElementHandler.java:38)
	at com.sun.proxy.$Proxy17.getText(Unknown Source)
	at com.hrms.steps.AddNewEmployee.new_employee_with_login_credentials_should_be_displayed_successfullly(AddNewEmployee.java:87)
	at ✽.new employee with login credentials should be displayed successfullly(file:///Users/sarmedhalabi/eclipse-workspace/HrmsCucumber/src/test/resources/features/AddNewEmployee.feature:28)


    Embedding Add new Employee with Login Credentials [image/png 84104 bytes]

]]></system-out>
    <system-err><![CDATA[Starting ChromeDriver 83.0.4103.39 (ccbf011cb2d2b19b506d844400483861342c20cd-refs/branch-heads/4103@{#416}) on port 40140
Only local connections are allowed.
Please see https://chromedriver.chromium.org/security-considerations for suggestions on keeping ChromeDriver safe.
ChromeDriver was started successfully.
Jun 10, 2020 11:30:43 PM org.openqa.selenium.remote.ProtocolHandshake createSession
INFO: Detected dialect: W3C
]]></system-err>
  </testcase>
  <testcase name="Adding multiple employees" classname="Add New Employee" time="18.566"/>
  <testcase name="Adding multiple employees" classname="Add New Employee" time="18.776"/>
  <testcase name="Adding multiple employees" classname="Add New Employee" time="18.127"/>
  <testcase name="Creating multiple credentials" classname="Multiple Credentials" time="11.585"/>
  <testcase name="Creating multiple credentials" classname="Multiple Credentials" time="10.785"/>
  <testcase name="EMPTY_NAME" classname="Error Message Test" time="5.117"/>
  <testcase name="EMPTY_NAME" classname="Error Message Test" time="5.501"/>
  <testcase name="EMPTY_NAME" classname="Error Message Test" time="5.151"/>
  <testcase name="Login with Invalid credentials" classname="Invalid Credentials" time="10.934"/>
</testsuite>